*design* DebussyLib (btIdent Verdi_T-2022.06)
Command arguments:
    +define+verilog
    -ssv
    -ssy
    -2012
    -f rtl.lst
        ./arbiter.v
    -top
    arbiter


*Warning* macro ARBITER_WIDTH redefined from (3) to (5)
"config.vh", 3: 

*Error* `include file "priority_encoder.v" cannot be read
"./arbiter.v", 27: 
Highest level modules:
arbiter


*Error* view priority_encoder is not defined for instance priority_encoder_inst
"./arbiter.v", 77: 

*Error* view priority_encoder is not defined for instance priority_encoder_masked
"./arbiter.v", 107: 
Total	3 error(s),   1 warning(s)
